2025-03-13 10:40:06 [@roberto-Lenovo-V330-14IKB]
Interne #1 : Démarrage contract
2025-03-13 10:40:56 [@roberto-Lenovo-V330-14IKB]
Interne #1 : Démarrage infocom
2025-03-13 10:42:20 [@roberto-Lenovo-V330-14IKB]
Interne #1 : Démarrage mailgate
2025-03-13 10:45:32 [@roberto-Lenovo-V330-14IKB]
Interne #1 : Démarrage session
2025-03-13 12:00:09 [2@roberto-Lenovo-V330-14IKB]
Interne #1 : Démarrage graph
2025-03-13 12:27:18 [2@roberto-Lenovo-V330-14IKB]
Interne #1 : Démarrage reservation
2025-03-13 12:40:48 [@roberto-Lenovo-V330-14IKB]
Interne #1 : Démarrage closeticket
2025-03-13 12:49:22 [2@roberto-Lenovo-V330-14IKB]
Interne #1 : Démarrage alertnotclosed
2025-03-13 14:10:53 [2@roberto-Lenovo-V330-14IKB]
Interne #1 : Démarrage slaticket
2025-03-13 14:32:41 [2@roberto-Lenovo-V330-14IKB]
Interne #1 : Démarrage createinquest
2025-03-13 14:37:47 [2@roberto-Lenovo-V330-14IKB]
Interne #1 : Démarrage watcher
2025-03-13 14:47:36 [2@roberto-Lenovo-V330-14IKB]
Interne #1 : Démarrage RecurrentItems
2025-03-13 14:54:54 [2@roberto-Lenovo-V330-14IKB]
Interne #1 : Démarrage planningrecall
2025-03-13 15:00:56 [2@roberto-Lenovo-V330-14IKB]
Interne #1 : Démarrage queuednotification
2025-03-13 15:13:01 [2@roberto-Lenovo-V330-14IKB]
Interne #1 : Démarrage queuednotificationclean
2025-03-13 15:20:12 [2@roberto-Lenovo-V330-14IKB]
Interne #1 : Démarrage temp
2025-03-13 15:37:45 [2@roberto-Lenovo-V330-14IKB]
Interne #1 : Démarrage mailgateerror
2025-03-13 15:45:26 [2@roberto-Lenovo-V330-14IKB]
Interne #1 : Démarrage certificate
2025-03-13 15:52:17 [2@roberto-Lenovo-V330-14IKB]
Interne #1 : Démarrage olaticket
2025-03-13 16:00:21 [2@roberto-Lenovo-V330-14IKB]
Interne #1 : Démarrage mailgate
2025-03-13 16:06:08 [2@roberto-Lenovo-V330-14IKB]
Interne #1 : Démarrage graph
2025-03-14 11:56:53 [@roberto-Lenovo-V330-14IKB]
Interne #1 : Démarrage reservation
2025-03-14 12:03:10 [2@roberto-Lenovo-V330-14IKB]
Interne #1 : Démarrage slaticket
2025-03-14 12:08:58 [2@roberto-Lenovo-V330-14IKB]
Interne #1 : Démarrage planningrecall
2025-03-14 14:27:23 [2@roberto-Lenovo-V330-14IKB]
Interne #1 : Démarrage queuednotification
2025-03-14 15:46:14 [2@roberto-Lenovo-V330-14IKB]
Interne #1 : Démarrage RecurrentItems
2025-03-17 11:04:11 [2@roberto-Lenovo-V330-14IKB]
Interne #1 : Démarrage olaticket
2025-03-17 11:09:31 [2@roberto-Lenovo-V330-14IKB]
Interne #1 : Démarrage mailgate
2025-03-17 11:16:24 [2@roberto-Lenovo-V330-14IKB]
Interne #1 : Démarrage temp
2025-03-17 11:24:56 [2@roberto-Lenovo-V330-14IKB]
Interne #1 : Démarrage graph
2025-03-17 11:29:56 [2@roberto-Lenovo-V330-14IKB]
Interne #1 : Démarrage closeticket
2025-03-17 11:36:26 [2@roberto-Lenovo-V330-14IKB]
Interne #1 : Démarrage alertnotclosed
2025-03-17 11:41:39 [2@roberto-Lenovo-V330-14IKB]
Interne #1 : Démarrage contract
2025-03-17 11:49:21 [2@roberto-Lenovo-V330-14IKB]
Interne #1 : Démarrage infocom
2025-03-17 17:02:30 [2@roberto-Lenovo-V330-14IKB]
Interne #1 : Démarrage session
2025-03-17 21:44:04 [2@roberto-Lenovo-V330-14IKB]
Interne #1 : Démarrage slaticket
2025-03-18 11:33:10 [2@roberto-Lenovo-V330-14IKB]
Interne #1 : Démarrage planningrecall
2025-03-19 12:47:45 [2@roberto-Lenovo-V330-14IKB]
Interne #1 : Démarrage reservation
2025-03-19 14:10:25 [2@roberto-Lenovo-V330-14IKB]
Interne #1 : Démarrage queuednotification
2025-03-19 14:10:26 [2@roberto-Lenovo-V330-14IKB]
Erreur dans l'envoi du courriel<br/>Could not instantiate mail function.
2025-03-19 14:10:26 [2@roberto-Lenovo-V330-14IKB]
Erreur dans l'envoi du courriel<br/>Could not instantiate mail function.
2025-03-19 15:07:57 [2@roberto-Lenovo-V330-14IKB]
Interne #1 : Démarrage createinquest
2025-03-19 15:24:20 [2@roberto-Lenovo-V330-14IKB]
Interne #1 : Démarrage watcher
2025-03-19 15:35:18 [2@roberto-Lenovo-V330-14IKB]
Interne #1 : Démarrage queuednotificationclean
2025-03-19 15:50:21 [2@roberto-Lenovo-V330-14IKB]
Interne #1 : Démarrage mailgateerror
2025-03-19 15:55:59 [2@roberto-Lenovo-V330-14IKB]
Interne #1 : Démarrage certificate
2025-03-19 16:01:29 [2@roberto-Lenovo-V330-14IKB]
Interne #1 : Démarrage RecurrentItems
2025-03-19 17:05:51 [2@roberto-Lenovo-V330-14IKB]
Interne #1 : Démarrage olaticket
2025-03-19 17:11:13 [2@roberto-Lenovo-V330-14IKB]
Interne #1 : Démarrage mailgate
2025-03-19 17:16:22 [2@roberto-Lenovo-V330-14IKB]
Interne #1 : Démarrage temp
2025-03-19 17:21:34 [2@roberto-Lenovo-V330-14IKB]
Interne #1 : Démarrage graph
2025-03-19 17:29:46 [2@roberto-Lenovo-V330-14IKB]
Interne #1 : Démarrage slaticket
2025-03-20 09:23:25 [2@roberto-Lenovo-V330-14IKB]
Interne #1 : Démarrage closeticket
2025-03-21 09:40:52 [2@roberto-Lenovo-V330-14IKB]
Interne #1 : Démarrage alertnotclosed
2025-03-21 10:13:26 [2@roberto-Lenovo-V330-14IKB]
Interne #1 : Démarrage planningrecall
2025-03-21 10:22:56 [2@roberto-Lenovo-V330-14IKB]
Interne #1 : Démarrage contract
2025-03-21 10:42:29 [2@roberto-Lenovo-V330-14IKB]
Interne #1 : Démarrage infocom
2025-03-21 10:48:49 [2@roberto-Lenovo-V330-14IKB]
Interne #1 : Démarrage session
2025-03-21 10:55:17 [2@roberto-Lenovo-V330-14IKB]
Interne #1 : Démarrage reservation
2025-03-21 11:01:45 [2@roberto-Lenovo-V330-14IKB]
Interne #1 : Démarrage RecurrentItems
2025-03-21 11:12:19 [2@roberto-Lenovo-V330-14IKB]
Interne #1 : Démarrage olaticket
2025-03-21 11:33:50 [2@roberto-Lenovo-V330-14IKB]
Interne #1 : Démarrage mailgate
2025-03-21 11:33:50 [2@roberto-Lenovo-V330-14IKB]
Une erreur est survenue lors de la connexion au collecteur.<br/>cannot connect to host; error = stream_socket_client(): Unable to connect to tcp://imap.gmail.com:993 (php_network_getaddresses: getaddrinfo for imap.gmail.com failed: Nom ou service inconnu) (errno = 0 )
2025-03-21 11:38:59 [2@roberto-Lenovo-V330-14IKB]
Interne #1 : Démarrage slaticket
2025-03-21 11:56:09 [2@roberto-Lenovo-V330-14IKB]
Interne #1 : Démarrage temp
2025-03-21 14:53:40 [@roberto-Lenovo-V330-14IKB]
Interne #1 : Démarrage graph
2025-03-21 15:40:25 [2@roberto-Lenovo-V330-14IKB]
Interne #1 : Démarrage createinquest
2025-03-21 15:47:30 [2@roberto-Lenovo-V330-14IKB]
Interne #1 : Démarrage watcher
2025-03-21 15:56:05 [2@roberto-Lenovo-V330-14IKB]
Interne #1 : Démarrage queuednotificationclean
2025-03-21 16:05:21 [2@roberto-Lenovo-V330-14IKB]
Interne #1 : Démarrage mailgateerror
2025-03-21 16:11:24 [2@roberto-Lenovo-V330-14IKB]
Interne #1 : Démarrage certificate
2025-03-21 16:34:56 [2@roberto-Lenovo-V330-14IKB]
Interne #1 : Démarrage closeticket
2025-03-21 16:58:10 [2@roberto-Lenovo-V330-14IKB]
Interne #1 : Démarrage planningrecall
2025-03-24 08:45:27 [@roberto-Lenovo-V330-14IKB]
Internal #1: Launch olaticket
2025-03-24 08:50:51 [2@roberto-Lenovo-V330-14IKB]
Interne #1 : Démarrage mailgate
2025-03-24 08:55:56 [2@roberto-Lenovo-V330-14IKB]
Interne #1 : Démarrage slaticket
2025-03-24 09:01:03 [2@roberto-Lenovo-V330-14IKB]
Interne #1 : Démarrage reservation
2025-03-24 09:07:25 [2@roberto-Lenovo-V330-14IKB]
Interne #1 : Démarrage RecurrentItems
2025-03-24 09:13:54 [2@roberto-Lenovo-V330-14IKB]
Interne #1 : Démarrage temp
2025-03-24 09:19:50 [2@roberto-Lenovo-V330-14IKB]
Interne #1 : Démarrage graph
2025-03-24 09:40:23 [2@roberto-Lenovo-V330-14IKB]
Interne #1 : Démarrage planningrecall
2025-03-24 09:40:53 [@roberto-Lenovo-V330-14IKB]
Internal #1: Launch alertnotclosed
2025-03-24 09:47:02 [2@roberto-Lenovo-V330-14IKB]
Interne #1 : Démarrage closeticket
2025-03-24 10:02:48 [2@roberto-Lenovo-V330-14IKB]
Interne #1 : Démarrage contract
2025-03-24 10:11:20 [2@roberto-Lenovo-V330-14IKB]
Interne #1 : Démarrage infocom
2025-03-24 10:23:46 [2@roberto-Lenovo-V330-14IKB]
Interne #1 : Démarrage session
2025-03-24 10:28:50 [2@roberto-Lenovo-V330-14IKB]
Interne #1 : Démarrage createinquest
2025-03-24 10:56:02 [2@roberto-Lenovo-V330-14IKB]
Interne #1 : Démarrage watcher
2025-03-24 11:01:57 [2@roberto-Lenovo-V330-14IKB]
Interne #1 : Démarrage queuednotificationclean
2025-03-24 11:14:51 [2@roberto-Lenovo-V330-14IKB]
Interne #1 : Démarrage mailgateerror
2025-03-24 11:19:52 [2@roberto-Lenovo-V330-14IKB]
Interne #1 : Démarrage certificate
2025-03-24 11:27:11 [2@roberto-Lenovo-V330-14IKB]
Interne #1 : Démarrage olaticket
2025-03-24 11:36:30 [2@roberto-Lenovo-V330-14IKB]
Interne #1 : Démarrage mailgate
2025-03-24 11:36:32 [2@roberto-Lenovo-V330-14IKB]
Une erreur est survenue lors de la connexion au collecteur.<br/>cannot login, user or password wrong
2025-03-24 11:43:20 [2@roberto-Lenovo-V330-14IKB]
Interne #1 : Démarrage slaticket
2025-03-24 11:50:46 [2@roberto-Lenovo-V330-14IKB]
Interne #1 : Démarrage planningrecall
2025-03-24 13:18:51 [2@roberto-Lenovo-V330-14IKB]
Interne #1 : Démarrage reservation
2025-03-24 13:31:57 [2@roberto-Lenovo-V330-14IKB]
Interne #1 : Démarrage RecurrentItems
2025-03-24 13:50:27 [2@roberto-Lenovo-V330-14IKB]
Interne #1 : Démarrage temp
2025-03-24 14:48:10 [2@roberto-Lenovo-V330-14IKB]
Interne #1 : Démarrage graph
2025-03-24 14:56:08 [2@roberto-Lenovo-V330-14IKB]
Interne #1 : Démarrage olaticket
2025-03-24 15:02:03 [2@roberto-Lenovo-V330-14IKB]
Interne #1 : Démarrage mailgate
2025-03-24 15:02:04 [2@roberto-Lenovo-V330-14IKB]
Une erreur est survenue lors de la connexion au collecteur.<br/>cannot login, user or password wrong
2025-03-24 15:16:36 [2@roberto-Lenovo-V330-14IKB]
Interne #1 : Démarrage slaticket
2025-03-24 15:21:40 [2@roberto-Lenovo-V330-14IKB]
Interne #1 : Démarrage planningrecall
2025-03-24 15:49:46 [2@roberto-Lenovo-V330-14IKB]
Interne #1 : Démarrage reservation
2025-03-24 15:57:26 [2@roberto-Lenovo-V330-14IKB]
Interne #1 : Démarrage RecurrentItems
2025-03-24 16:16:31 [2@roberto-Lenovo-V330-14IKB]
Interne #1 : Démarrage temp
2025-03-24 16:26:47 [2@roberto-Lenovo-V330-14IKB]
Interne #1 : Démarrage olaticket
2025-03-24 16:37:22 [2@roberto-Lenovo-V330-14IKB]
Interne #1 : Démarrage mailgate
2025-03-24 16:37:23 [2@roberto-Lenovo-V330-14IKB]
Une erreur est survenue lors de la connexion au collecteur.<br/>cannot login, user or password wrong
2025-03-24 16:42:47 [2@roberto-Lenovo-V330-14IKB]
Interne #1 : Démarrage slaticket
2025-03-24 16:48:43 [2@roberto-Lenovo-V330-14IKB]
Interne #1 : Démarrage planningrecall
2025-03-24 17:01:59 [2@roberto-Lenovo-V330-14IKB]
Interne #1 : Démarrage graph
2025-03-24 17:16:44 [2@roberto-Lenovo-V330-14IKB]
Interne #1 : Démarrage olaticket
2025-03-24 17:27:59 [2@roberto-Lenovo-V330-14IKB]
Interne #1 : Démarrage mailgate
2025-03-24 17:34:13 [@roberto-Lenovo-V330-14IKB]
Internal #1: Launch slaticket
2025-03-25 15:51:31 [2@roberto-Lenovo-V330-14IKB]
Interne #1 : Démarrage reservation
2025-03-25 15:56:44 [2@roberto-Lenovo-V330-14IKB]
Interne #1 : Démarrage planningrecall
2025-03-25 16:02:50 [2@roberto-Lenovo-V330-14IKB]
Interne #1 : Démarrage RecurrentItems
2025-03-25 16:03:52 [@roberto-Lenovo-V330-14IKB]
Interne #1 : Démarrage temp
2025-03-25 16:16:54 [2@roberto-Lenovo-V330-14IKB]
Interne #1 : Démarrage olaticket
2025-03-26 09:11:36 [2@roberto-Lenovo-V330-14IKB]
Interne #1 : Démarrage mailgate
2025-03-26 09:11:46 [2@roberto-Lenovo-V330-14IKB]
Une erreur est survenue lors de la connexion au collecteur.<br/>cannot read - connection closed?
2025-03-26 09:11:48 [2@roberto-Lenovo-V330-14IKB]
Une erreur est survenue lors de la connexion au collecteur.<br/>cannot login, user or password wrong
2025-03-26 09:50:01 [@roberto-Lenovo-V330-14IKB]
Externe #1 : Rien à lancer
2025-03-26 09:55:11 [2@roberto-Lenovo-V330-14IKB]
Interne #1 : Démarrage slaticket
2025-03-26 10:00:01 [@roberto-Lenovo-V330-14IKB]
Externe #1 : Rien à lancer
2025-03-26 10:01:15 [2@roberto-Lenovo-V330-14IKB]
Interne #1 : Démarrage graph
2025-03-26 10:07:18 [2@roberto-Lenovo-V330-14IKB]
Interne #1 : Démarrage alertnotclosed
2025-03-26 10:10:01 [@roberto-Lenovo-V330-14IKB]
Externe #1 : Rien à lancer
2025-03-26 10:16:56 [2@roberto-Lenovo-V330-14IKB]
Interne #1 : Démarrage closeticket
2025-03-26 10:20:01 [@roberto-Lenovo-V330-14IKB]
Externe #1 : Rien à lancer
2025-03-26 10:23:50 [2@roberto-Lenovo-V330-14IKB]
Interne #1 : Démarrage contract
2025-03-26 10:30:02 [@roberto-Lenovo-V330-14IKB]
Externe #1 : Rien à lancer
2025-03-26 10:34:25 [2@roberto-Lenovo-V330-14IKB]
Interne #1 : Démarrage infocom
2025-03-26 10:39:28 [2@roberto-Lenovo-V330-14IKB]
Interne #1 : Démarrage session
2025-03-26 10:40:01 [@roberto-Lenovo-V330-14IKB]
Externe #1 : Rien à lancer
2025-03-26 10:44:30 [2@roberto-Lenovo-V330-14IKB]
Interne #1 : Démarrage createinquest
2025-03-26 10:50:01 [@roberto-Lenovo-V330-14IKB]
Externe #1 : Rien à lancer
2025-03-26 10:52:37 [2@roberto-Lenovo-V330-14IKB]
Interne #1 : Démarrage watcher
2025-03-26 11:00:01 [@roberto-Lenovo-V330-14IKB]
Externe #1 : Rien à lancer
2025-03-26 11:01:24 [2@roberto-Lenovo-V330-14IKB]
Interne #1 : Démarrage mailgateerror
2025-03-26 11:06:31 [2@roberto-Lenovo-V330-14IKB]
Interne #1 : Démarrage certificate
2025-03-26 11:10:01 [@roberto-Lenovo-V330-14IKB]
Externe #1 : Rien à lancer
2025-03-26 11:11:33 [2@roberto-Lenovo-V330-14IKB]
Interne #1 : Démarrage planningrecall
2025-03-26 11:17:38 [2@roberto-Lenovo-V330-14IKB]
Interne #1 : Démarrage olaticket
2025-03-26 11:20:01 [@roberto-Lenovo-V330-14IKB]
Externe #1 : Rien à lancer
2025-03-26 11:29:43 [2@roberto-Lenovo-V330-14IKB]
Interne #1 : Démarrage reservation
2025-03-26 11:30:01 [@roberto-Lenovo-V330-14IKB]
Externe #1 : Rien à lancer
2025-03-26 11:36:22 [2@roberto-Lenovo-V330-14IKB]
Interne #1 : Démarrage RecurrentItems
2025-03-26 11:40:02 [@roberto-Lenovo-V330-14IKB]
Externe #1 : Rien à lancer
2025-03-26 11:41:24 [2@roberto-Lenovo-V330-14IKB]
Interne #1 : Démarrage temp
2025-03-26 11:46:47 [2@roberto-Lenovo-V330-14IKB]
Interne #1 : Démarrage mailgate
2025-03-26 11:50:01 [@roberto-Lenovo-V330-14IKB]
Externe #1 : Rien à lancer
2025-03-26 11:53:58 [2@roberto-Lenovo-V330-14IKB]
Interne #1 : Démarrage slaticket
2025-03-26 11:59:13 [2@roberto-Lenovo-V330-14IKB]
Interne #1 : Démarrage graph
2025-03-26 12:00:01 [@roberto-Lenovo-V330-14IKB]
Externe #1 : Rien à lancer
2025-03-26 12:04:16 [2@roberto-Lenovo-V330-14IKB]
Interne #1 : Démarrage planningrecall
2025-03-26 12:09:34 [2@roberto-Lenovo-V330-14IKB]
Interne #1 : Démarrage olaticket
2025-03-26 12:09:34 [2@roberto-Lenovo-V330-14IKB]
Interne #1 : Démarrage mailgate
2025-03-26 12:09:36 [2@roberto-Lenovo-V330-14IKB]
Une erreur est survenue lors de la connexion au collecteur.<br/>cannot login, user or password wrong
2025-03-26 12:10:01 [@roberto-Lenovo-V330-14IKB]
Ne peut récupérer le verrou sur la BDD
2025-03-26 12:14:37 [2@roberto-Lenovo-V330-14IKB]
Interne #1 : Démarrage slaticket
2025-03-26 12:20:01 [2@roberto-Lenovo-V330-14IKB]
Interne #1 : Démarrage planningrecall
2025-03-26 12:20:01 [@roberto-Lenovo-V330-14IKB]
Externe #1 : Rien à lancer
2025-03-26 12:25:38 [2@roberto-Lenovo-V330-14IKB]
Interne #1 : Démarrage olaticket
2025-03-26 12:30:01 [@roberto-Lenovo-V330-14IKB]
Externe #1 : Rien à lancer
2025-03-26 12:31:09 [2@roberto-Lenovo-V330-14IKB]
Interne #1 : Démarrage mailgate
2025-03-26 12:31:20 [2@roberto-Lenovo-V330-14IKB]
Une erreur est survenue lors de la connexion au collecteur.<br/>cannot read - connection closed?
2025-03-26 12:40:02 [@roberto-Lenovo-V330-14IKB]
Externe #1 : Rien à lancer
2025-03-26 12:50:01 [@roberto-Lenovo-V330-14IKB]
Externe #1 : Rien à lancer
2025-03-26 13:00:01 [@roberto-Lenovo-V330-14IKB]
Externe #1 : Rien à lancer
2025-03-26 13:05:38 [2@roberto-Lenovo-V330-14IKB]
Interne #1 : Démarrage slaticket
2025-03-26 13:10:01 [@roberto-Lenovo-V330-14IKB]
Externe #1 : Rien à lancer
2025-03-26 13:20:01 [@roberto-Lenovo-V330-14IKB]
Externe #1 : Rien à lancer
2025-03-26 13:30:02 [@roberto-Lenovo-V330-14IKB]
Externe #1 : Rien à lancer
2025-03-26 13:38:39 [2@roberto-Lenovo-V330-14IKB]
Interne #1 : Démarrage planningrecall
2025-03-26 13:40:01 [@roberto-Lenovo-V330-14IKB]
Externe #1 : Rien à lancer
2025-03-26 13:43:41 [2@roberto-Lenovo-V330-14IKB]
Interne #1 : Démarrage reservation
2025-03-26 13:48:44 [2@roberto-Lenovo-V330-14IKB]
Interne #1 : Démarrage olaticket
2025-03-26 13:50:01 [@roberto-Lenovo-V330-14IKB]
Externe #1 : Rien à lancer
2025-03-26 13:53:53 [2@roberto-Lenovo-V330-14IKB]
Interne #1 : Démarrage RecurrentItems
2025-03-26 13:58:59 [2@roberto-Lenovo-V330-14IKB]
Interne #1 : Démarrage mailgate
2025-03-26 13:59:05 [2@roberto-Lenovo-V330-14IKB]
Une erreur est survenue lors de la connexion au collecteur.<br/>cannot login, user or password wrong
2025-03-26 14:00:01 [@roberto-Lenovo-V330-14IKB]
Externe #1 : Rien à lancer
2025-03-26 14:05:12 [2@roberto-Lenovo-V330-14IKB]
Interne #1 : Démarrage temp
2025-03-26 14:10:01 [@roberto-Lenovo-V330-14IKB]
Externe #1 : Rien à lancer
2025-03-26 14:12:03 [2@roberto-Lenovo-V330-14IKB]
Interne #1 : Démarrage graph
2025-03-26 14:20:01 [@roberto-Lenovo-V330-14IKB]
Externe #1 : Rien à lancer
2025-03-26 14:27:35 [2@roberto-Lenovo-V330-14IKB]
Interne #1 : Démarrage slaticket
2025-03-26 14:30:01 [@roberto-Lenovo-V330-14IKB]
Externe #1 : Rien à lancer
2025-03-26 14:32:52 [2@roberto-Lenovo-V330-14IKB]
Interne #1 : Démarrage planningrecall
2025-03-26 14:40:02 [@roberto-Lenovo-V330-14IKB]
Externe #1 : Rien à lancer
2025-03-26 14:50:01 [@roberto-Lenovo-V330-14IKB]
Externe #1 : Rien à lancer
2025-03-26 14:52:16 [2@roberto-Lenovo-V330-14IKB]
Interne #1 : Démarrage olaticket
2025-03-26 14:53:12 [@roberto-Lenovo-V330-14IKB]
Interne #1 : Démarrage mailgate
2025-03-26 14:59:28 [4@roberto-Lenovo-V330-14IKB]
Interne #1 : Démarrage slaticket
2025-03-26 15:00:01 [@roberto-Lenovo-V330-14IKB]
Externe #1 : Rien à lancer
2025-03-26 15:01:17 [@roberto-Lenovo-V330-14IKB]
Interne #1 : Démarrage planningrecall
2025-03-26 15:10:01 [@roberto-Lenovo-V330-14IKB]
Externe #1 : Rien à lancer
2025-03-26 15:16:25 [2@roberto-Lenovo-V330-14IKB]
Interne #1 : Démarrage reservation
2025-03-26 15:20:01 [@roberto-Lenovo-V330-14IKB]
Externe #1 : Rien à lancer
2025-03-26 15:30:01 [@roberto-Lenovo-V330-14IKB]
Externe #1 : Rien à lancer
2025-03-26 15:40:01 [@roberto-Lenovo-V330-14IKB]
Externe #1 : Rien à lancer
2025-03-26 15:45:19 [2@roberto-Lenovo-V330-14IKB]
Interne #1 : Démarrage RecurrentItems
2025-03-26 15:50:02 [@roberto-Lenovo-V330-14IKB]
Externe #1 : Rien à lancer
2025-03-26 15:50:09 [@roberto-Lenovo-V330-14IKB]
Interne #1 : Démarrage olaticket
2025-03-26 15:55:57 [4@roberto-Lenovo-V330-14IKB]
Interne #1 : Démarrage mailgate
2025-03-26 15:56:08 [4@roberto-Lenovo-V330-14IKB]
Une erreur est survenue lors de la connexion au collecteur.<br/>cannot read - connection closed?
2025-03-26 15:56:09 [4@roberto-Lenovo-V330-14IKB]
Une erreur est survenue lors de la connexion au collecteur.<br/>cannot login, user or password wrong
2025-03-26 16:00:01 [@roberto-Lenovo-V330-14IKB]
Externe #1 : Rien à lancer
2025-03-26 16:07:14 [4@roberto-Lenovo-V330-14IKB]
Interne #1 : Démarrage slaticket
2025-03-26 16:10:01 [@roberto-Lenovo-V330-14IKB]
Externe #1 : Rien à lancer
2025-03-26 16:16:51 [4@roberto-Lenovo-V330-14IKB]
Interne #1 : Démarrage temp
2025-03-26 16:20:01 [@roberto-Lenovo-V330-14IKB]
Externe #1 : Rien à lancer
2025-03-26 16:30:01 [@roberto-Lenovo-V330-14IKB]
Externe #1 : Rien à lancer
2025-03-26 16:31:36 [4@roberto-Lenovo-V330-14IKB]
Interne #1 : Démarrage planningrecall
2025-03-26 16:33:31 [@roberto-Lenovo-V330-14IKB]
Interne #1 : Démarrage graph
2025-03-26 16:40:01 [@roberto-Lenovo-V330-14IKB]
Externe #1 : Rien à lancer
2025-03-26 16:50:01 [@roberto-Lenovo-V330-14IKB]
Externe #1 : Rien à lancer
2025-03-26 17:00:02 [@roberto-Lenovo-V330-14IKB]
Externe #1 : Rien à lancer
2025-03-26 17:06:22 [2@roberto-Lenovo-V330-14IKB]
Interne #1 : Démarrage olaticket
2025-03-26 17:10:01 [@roberto-Lenovo-V330-14IKB]
Externe #1 : Rien à lancer
2025-03-26 17:12:47 [2@roberto-Lenovo-V330-14IKB]
Interne #1 : Démarrage mailgate
2025-03-26 17:18:57 [2@roberto-Lenovo-V330-14IKB]
Interne #1 : Démarrage slaticket
2025-03-26 17:20:01 [@roberto-Lenovo-V330-14IKB]
Externe #1 : Rien à lancer
2025-03-26 17:23:58 [2@roberto-Lenovo-V330-14IKB]
Interne #1 : Démarrage reservation
2025-03-26 17:29:44 [2@roberto-Lenovo-V330-14IKB]
Interne #1 : Démarrage planningrecall
2025-03-26 17:30:01 [@roberto-Lenovo-V330-14IKB]
Externe #1 : Rien à lancer
2025-03-26 17:34:46 [2@roberto-Lenovo-V330-14IKB]
Interne #1 : Démarrage RecurrentItems
2025-03-26 17:40:01 [@roberto-Lenovo-V330-14IKB]
Externe #1 : Rien à lancer
2025-03-26 17:40:10 [2@roberto-Lenovo-V330-14IKB]
Interne #1 : Démarrage olaticket
2025-03-26 17:45:58 [2@roberto-Lenovo-V330-14IKB]
Interne #1 : Démarrage temp
2025-03-26 17:50:01 [@roberto-Lenovo-V330-14IKB]
Externe #1 : Rien à lancer
2025-03-26 17:52:54 [2@roberto-Lenovo-V330-14IKB]
Interne #1 : Démarrage mailgate
2025-03-26 17:52:55 [2@roberto-Lenovo-V330-14IKB]
Une erreur est survenue lors de la connexion au collecteur.<br/>cannot login, user or password wrong
2025-03-26 18:00:02 [@roberto-Lenovo-V330-14IKB]
Externe #1 : Rien à lancer
2025-03-26 18:10:01 [@roberto-Lenovo-V330-14IKB]
Externe #1 : Rien à lancer
2025-03-26 19:10:01 [@roberto-Lenovo-V330-14IKB]
Externe #1 : Rien à lancer
2025-03-27 08:00:01 [@roberto-Lenovo-V330-14IKB]
Externe #1 : Rien à lancer
2025-03-27 08:10:02 [@roberto-Lenovo-V330-14IKB]
Externe #1 : Rien à lancer
2025-03-27 08:20:01 [@roberto-Lenovo-V330-14IKB]
Externe #1 : Rien à lancer
2025-03-27 08:30:01 [@roberto-Lenovo-V330-14IKB]
Externe #1 : Rien à lancer
2025-03-27 08:40:01 [@roberto-Lenovo-V330-14IKB]
Externe #1 : Rien à lancer
2025-03-27 08:50:01 [@roberto-Lenovo-V330-14IKB]
Externe #1 : Rien à lancer
2025-03-27 09:00:01 [@roberto-Lenovo-V330-14IKB]
Externe #1 : Rien à lancer
2025-03-27 09:30:01 [@roberto-Lenovo-V330-14IKB]
Externe #1 : Rien à lancer
2025-03-27 09:30:32 [2@roberto-Lenovo-V330-14IKB]
Interne #1 : Démarrage slaticket
2025-03-27 09:40:01 [@roberto-Lenovo-V330-14IKB]
Externe #1 : Rien à lancer
2025-03-27 09:50:01 [@roberto-Lenovo-V330-14IKB]
Externe #1 : Rien à lancer
2025-03-27 10:00:02 [@roberto-Lenovo-V330-14IKB]
Externe #1 : Rien à lancer
2025-03-27 10:10:01 [@roberto-Lenovo-V330-14IKB]
Externe #1 : Rien à lancer
2025-03-27 10:20:01 [@roberto-Lenovo-V330-14IKB]
Externe #1 : Rien à lancer
2025-03-27 10:30:01 [@roberto-Lenovo-V330-14IKB]
Externe #1 : Rien à lancer
2025-03-27 10:40:01 [@roberto-Lenovo-V330-14IKB]
Externe #1 : Rien à lancer
2025-03-27 10:50:01 [@roberto-Lenovo-V330-14IKB]
Externe #1 : Rien à lancer
2025-03-27 11:00:01 [@roberto-Lenovo-V330-14IKB]
Externe #1 : Rien à lancer
2025-03-27 11:10:02 [@roberto-Lenovo-V330-14IKB]
Externe #1 : Rien à lancer
2025-03-27 11:20:01 [@roberto-Lenovo-V330-14IKB]
Externe #1 : Rien à lancer
