2025-03-17 11:09:31 [2@roberto-Lenovo-V330-14IKB]
Un courriel pour admsys@localhost a été ajouté à la file d'attente : [GLPI #0000002] Nouveau ticket AfrikBiz ne passe pas
2025-03-17 11:44:55 [2@roberto-Lenovo-V330-14IKB]
Un courriel pour admsys@localhost a été ajouté à la file d'attente : [GLPI #0000003] Nouveau ticket AfrikBiz ne passe pas
2025-03-19 14:12:17 [2@roberto-Lenovo-V330-14IKB]
Un courriel pour admsys@localhost a été ajouté à la file d'attente : [GLPI #0000004] Nouvelle tâche panne du serveur
2025-03-19 14:12:17 [2@roberto-Lenovo-V330-14IKB]
Un courriel pour admsys@localhost a été ajouté à la file d'attente : [GLPI #0000004] Nouveau ticket panne du serveur
2025-03-19 15:54:16 [2@roberto-Lenovo-V330-14IKB]
Un courriel pour robertocedigno@gmail.com a été ajouté à la file d'attente : [GLPI #0000005] Nouvelle tâche AfrikBiz ne passe pas
2025-03-19 15:54:16 [2@roberto-Lenovo-V330-14IKB]
Un courriel pour robertocedigno@gmail.com a été ajouté à la file d'attente : [GLPI #0000005] Nouveau ticket AfrikBiz ne passe pas
2025-03-19 15:59:27 [2@roberto-Lenovo-V330-14IKB]
Un courriel pour robertocedigno@gmail.com a été ajouté à la file d'attente : [GLPI #0000006] Nouvelle tâche AfrikBiz ne passe pas
2025-03-19 15:59:28 [2@roberto-Lenovo-V330-14IKB]
Un courriel pour robertocedigno@gmail.com a été ajouté à la file d'attente : [GLPI #0000006] Nouveau ticket AfrikBiz ne passe pas
2025-03-19 17:10:02 [2@roberto-Lenovo-V330-14IKB]
Un courriel pour robertocedigno@gmail.com a été ajouté à la file d'attente : [GLPI #0000007] Nouveau ticket AfrikBiz 
2025-03-19 17:18:17 [2@roberto-Lenovo-V330-14IKB]
Un courriel pour robertocedigno@gmail.com a été ajouté à la file d'attente : [GLPI #0000008] Nouveau ticket panne du serveur
2025-03-19 17:26:01 [2@roberto-Lenovo-V330-14IKB]
Un courriel pour robertocedigno@gmail.com a été ajouté à la file d'attente : [GLPI #0000009] Nouvelle tâche Afrikcash
2025-03-19 17:26:01 [2@roberto-Lenovo-V330-14IKB]
Un courriel pour robertocedigno@gmail.com a été ajouté à la file d'attente : [GLPI #0000009] Validation - En attente de validation Afrikcash
2025-03-19 17:26:01 [2@roberto-Lenovo-V330-14IKB]
Un courriel pour robertocedigno@gmail.com a été ajouté à la file d'attente : [GLPI #0000009] Nouveau ticket Afrikcash
2025-03-19 17:29:46 [2@roberto-Lenovo-V330-14IKB]
Un courriel pour robertocedigno@gmail.com a été ajouté à la file d'attente : [GLPI #0000009] Réponse à une demande de validation Afrikcash
2025-03-19 17:31:09 [2@roberto-Lenovo-V330-14IKB]
Un courriel pour robertocedigno@gmail.com a été ajouté à la file d'attente : [GLPI #0000009] Nouveau suivi Afrikcash
2025-03-21 10:48:48 [2@roberto-Lenovo-V330-14IKB]
Un courriel pour robertocedigno@gmail.com a été ajouté à la file d'attente : [GLPI #0000010] Validation - En attente de validation Probleme de connexion
2025-03-21 10:48:48 [2@roberto-Lenovo-V330-14IKB]
Un courriel pour robertocedigno@gmail.com a été ajouté à la file d'attente : [GLPI #0000010] Nouveau ticket Probleme de connexion
2025-03-21 10:48:48 [2@roberto-Lenovo-V330-14IKB]
Un courriel pour robertocedigno@mail.com a été ajouté à la file d'attente : [GLPI #0000010] Nouveau ticket Probleme de connexion
2025-03-21 10:55:25 [2@roberto-Lenovo-V330-14IKB]
Un courriel pour robertocedigno@gmail.com a été ajouté à la file d'attente : [GLPI #0000011] Nouveau ticket Problème de Connexion
2025-03-21 16:05:21 [2@roberto-Lenovo-V330-14IKB]
Un courriel pour robertocedigno@gmail.com a été ajouté à la file d'attente : [GLPI] Erreurs du collecteur
2025-03-24 09:42:49 [2@roberto-Lenovo-V330-14IKB]
Un courriel pour robertocedigno@gmail.com a été ajouté à la file d'attente : [GLPI #0000012] Validation - En attente de validation Mon ordinateur ne demarre plus
2025-03-24 09:42:49 [2@roberto-Lenovo-V330-14IKB]
Un courriel pour robertocedigno@gmail.com a été ajouté à la file d'attente : [GLPI #0000012] Nouveau ticket Mon ordinateur ne demarre plus
2025-03-24 09:47:01 [2@roberto-Lenovo-V330-14IKB]
Un courriel pour robertocedigno@gmail.com a été ajouté à la file d'attente : [GLPI #0000013] Nouveau ticket Mon ordinateur est très lent
2025-03-24 10:05:50 [2@roberto-Lenovo-V330-14IKB]
Un courriel pour robertocedigno@gmail.com a été ajouté à la file d'attente : [GLPI #0000010] Réponse à une demande de validation Probleme de connexion
2025-03-24 11:14:51 [2@roberto-Lenovo-V330-14IKB]
Un courriel pour robertocedigno@gmail.com a été ajouté à la file d'attente : [GLPI] Erreurs du collecteur
2025-03-26 10:19:53 [2@roberto-Lenovo-V330-14IKB]
Un courriel pour robertocedigno@gmail.com a été ajouté à la file d'attente : [GLPI #0000014] Nouveau ticket probleme de reseau
2025-03-26 10:42:11 [2@roberto-Lenovo-V330-14IKB]
Un courriel pour robertocedigno@gmail.com a été ajouté à la file d'attente : [GLPI #0000015] Nouveau ticket probleme de reseau
2025-03-26 11:01:25 [2@roberto-Lenovo-V330-14IKB]
Un courriel pour robertocedigno@gmail.com a été ajouté à la file d'attente : [GLPI] Erreurs du collecteur
2025-03-26 11:36:21 [2@roberto-Lenovo-V330-14IKB]
Un email a été envoyé à robertocedigno@gmail.com : [GLPI #0000014] Nouveau ticket probleme de reseau
2025-03-26 11:38:22 [2@roberto-Lenovo-V330-14IKB]
Un email a été envoyé à robertocedigno@gmail.com : [GLPI #0000013] Nouveau ticket Mon ordinateur est très lent
2025-03-26 11:40:36 [2@roberto-Lenovo-V330-14IKB]
Un email a été envoyé à admsys@localhost : [GLPI #0000002] Nouveau ticket AfrikBiz ne passe pas
2025-03-26 11:44:13 [2@roberto-Lenovo-V330-14IKB]
Un courriel pour robertocedigno@gmail.com a été ajouté à la file d'attente : [GLPI #0000016] Nouveau ticket probleme de reseau
2025-03-26 11:50:19 [2@roberto-Lenovo-V330-14IKB]
Un courriel pour robertocedigno@gmail.com a été ajouté à la file d'attente : [GLPI #0000017] Nouveau ticket probleme de reseau
2025-03-26 11:58:49 [2@roberto-Lenovo-V330-14IKB]
Un email a été envoyé à robertocedigno@gmail.com : [GLPI #0000015] Nouveau ticket probleme de reseau
2025-03-26 12:04:16 [2@roberto-Lenovo-V330-14IKB]
Un courriel pour robertocedigno@gmail.com a été ajouté à la file d'attente : [GLPI #0000018] Nouveau ticket connexion
2025-03-26 12:17:55 [2@roberto-Lenovo-V330-14IKB]
Un email a été envoyé à robertocedigno@gmail.com : [GLPI #0000018] Nouveau ticket connexion
2025-03-26 13:45:16 [2@roberto-Lenovo-V330-14IKB]
Un courriel pour robertocedigno@gmail.com a été ajouté à la file d'attente : [GLPI #0000019] Validation - En attente de validation panne du serveur 2
2025-03-26 13:45:16 [2@roberto-Lenovo-V330-14IKB]
Un courriel pour robertocedigno@gmail.com a été ajouté à la file d'attente : [GLPI #0000019] Nouveau ticket panne du serveur 2
2025-03-26 13:45:16 [2@roberto-Lenovo-V330-14IKB]
Un courriel pour stephanietakam1@gmail.com a été ajouté à la file d'attente : [GLPI #0000019] New ticket panne du serveur 2
2025-03-26 13:48:54 [2@roberto-Lenovo-V330-14IKB]
Un courriel pour robertocedigno@gmail.com a été ajouté à la file d'attente : [GLPI #0000020] Nouveau ticket probleme de reseau 2
2025-03-26 13:48:54 [2@roberto-Lenovo-V330-14IKB]
Un courriel pour stephanietakam1@gmail.com a été ajouté à la file d'attente : [GLPI #0000020] Nouveau ticket probleme de reseau 2
2025-03-26 13:51:38 [2@roberto-Lenovo-V330-14IKB]
Un email a été envoyé à stephanietakam1@gmail.com : [GLPI #0000020] Nouveau ticket probleme de reseau 2
2025-03-26 17:18:57 [2@roberto-Lenovo-V330-14IKB]
Un courriel pour robertocedigno@gmail.com a été ajouté à la file d'attente : [GLPI #0000021] Nouveau ticket panne materiel
2025-03-26 17:30:23 [2@roberto-Lenovo-V330-14IKB]
Un courriel pour robertocedigno@gmail.com a été ajouté à la file d'attente : [GLPI #0000022] Nouveau ticket panne materiel 2
2025-03-26 17:38:00 [2@roberto-Lenovo-V330-14IKB]
Un courriel pour robertocedigno@gmail.com a été ajouté à la file d'attente : [GLPI #0000023] Nouveau ticket panne du logiciel
2025-03-26 17:38:00 [2@roberto-Lenovo-V330-14IKB]
Un courriel pour stephanietakam1@gmail.com a été ajouté à la file d'attente : [GLPI #0000023] Nouveau ticket panne du logiciel
