[2025-03-13 09:10:00] glpiphplog.WARNING: Test logger  
[2025-03-13 09:26:32] glpiphplog.WARNING: Test logger  
[2025-03-13 09:59:32] glpiphplog.WARNING: Test logger  
[2025-03-13 10:05:32] glpiphplog.WARNING: Test logger  
[2025-03-13 10:24:51] glpiphplog.WARNING: Test logger  
[2025-03-14 10:02:17] glpiphplog.WARNING:   *** PHP Warning (2): error_log(/opt/lampp/htdocs/glpi/files/_log/access-errors.log): Failed to open stream: Permission non accordée in /opt/lampp/htdocs/glpi/src/Toolbox.php at line 623
  Backtrace :
  src/Toolbox.php:623                                error_log()
  src/Session.php:1679                               Toolbox::logInFile()
  inc/includes.php:168                               Session::checkCSRF()
  front/login.php:48                                 include()
  
[2025-03-14 10:03:05] glpiphplog.WARNING:   *** PHP Warning (2): error_log(/opt/lampp/htdocs/glpi/files/_log/access-errors.log): Failed to open stream: Permission non accordée in /opt/lampp/htdocs/glpi/src/Toolbox.php at line 623
  Backtrace :
  src/Toolbox.php:623                                error_log()
  src/Session.php:1679                               Toolbox::logInFile()
  inc/includes.php:168                               Session::checkCSRF()
  front/login.php:48                                 include()
  
[2025-03-14 10:05:28] glpiphplog.WARNING:   *** PHP Warning (2): error_log(/opt/lampp/htdocs/glpi/files/_log/access-errors.log): Failed to open stream: Permission non accordée in /opt/lampp/htdocs/glpi/src/Toolbox.php at line 623
  Backtrace :
  src/Toolbox.php:623                                error_log()
  src/Session.php:1679                               Toolbox::logInFile()
  inc/includes.php:168                               Session::checkCSRF()
  front/login.php:48                                 include()
  
[2025-03-14 10:10:34] glpiphplog.WARNING:   *** PHP Warning (2): error_log(/opt/lampp/htdocs/glpi/files/_log/access-errors.log): Failed to open stream: Permission non accordée in /opt/lampp/htdocs/glpi/src/Toolbox.php at line 623
  Backtrace :
  src/Toolbox.php:623                                error_log()
  src/Session.php:1679                               Toolbox::logInFile()
  inc/includes.php:168                               Session::checkCSRF()
  front/login.php:48                                 include()
  
[2025-03-14 10:11:42] glpiphplog.WARNING:   *** PHP Warning (2): error_log(/opt/lampp/htdocs/glpi/files/_log/access-errors.log): Failed to open stream: Permission non accordée in /opt/lampp/htdocs/glpi/src/Toolbox.php at line 623
  Backtrace :
  src/Toolbox.php:623                                error_log()
  src/Session.php:1679                               Toolbox::logInFile()
  inc/includes.php:168                               Session::checkCSRF()
  front/login.php:48                                 include()
  
[2025-03-14 10:45:41] glpiphplog.WARNING:   *** PHP Warning (2): error_log(/opt/lampp/htdocs/glpi/files/_log/access-errors.log): Failed to open stream: Permission non accordée in /opt/lampp/htdocs/glpi/src/Toolbox.php at line 623
  Backtrace :
  src/Toolbox.php:623                                error_log()
  src/Session.php:1679                               Toolbox::logInFile()
  inc/includes.php:168                               Session::checkCSRF()
  front/login.php:48                                 include()
  
[2025-03-14 10:47:22] glpiphplog.WARNING:   *** PHP Warning (2): error_log(/opt/lampp/htdocs/glpi/files/_log/access-errors.log): Failed to open stream: Permission non accordée in /opt/lampp/htdocs/glpi/src/Toolbox.php at line 623
  Backtrace :
  src/Toolbox.php:623                                error_log()
  src/Session.php:1679                               Toolbox::logInFile()
  inc/includes.php:168                               Session::checkCSRF()
  front/login.php:48                                 include()
  
[2025-03-14 10:54:38] glpiphplog.WARNING:   *** PHP Warning (2): error_log(/opt/lampp/htdocs/glpi/files/_log/access-errors.log): Failed to open stream: Permission non accordée in /opt/lampp/htdocs/glpi/src/Toolbox.php at line 623
  Backtrace :
  src/Toolbox.php:623                                error_log()
  src/Session.php:1679                               Toolbox::logInFile()
  inc/includes.php:168                               Session::checkCSRF()
  front/login.php:48                                 include()
  
[2025-03-14 11:14:35] glpiphplog.WARNING:   *** PHP Warning (2): error_log(/opt/lampp/htdocs/glpi/files/_log/access-errors.log): Failed to open stream: Permission non accordée in /opt/lampp/htdocs/glpi/src/Toolbox.php at line 623
  Backtrace :
  src/Toolbox.php:623                                error_log()
  src/Session.php:1679                               Toolbox::logInFile()
  inc/includes.php:168                               Session::checkCSRF()
  front/login.php:48                                 include()
  
[2025-03-14 11:18:04] glpiphplog.WARNING:   *** PHP Warning (2): error_log(/opt/lampp/htdocs/glpi/files/_log/access-errors.log): Failed to open stream: Permission non accordée in /opt/lampp/htdocs/glpi/src/Toolbox.php at line 623
  Backtrace :
  src/Toolbox.php:623                                error_log()
  src/Session.php:1679                               Toolbox::logInFile()
  inc/includes.php:168                               Session::checkCSRF()
  front/login.php:48                                 include()
  
[2025-03-14 11:22:01] glpiphplog.WARNING:   *** PHP Warning (2): error_log(/opt/lampp/htdocs/glpi/files/_log/access-errors.log): Failed to open stream: Permission non accordée in /opt/lampp/htdocs/glpi/src/Toolbox.php at line 623
  Backtrace :
  src/Toolbox.php:623                                error_log()
  src/Session.php:1679                               Toolbox::logInFile()
  inc/includes.php:168                               Session::checkCSRF()
  front/login.php:48                                 include()
  
[2025-03-14 11:22:36] glpiphplog.WARNING:   *** PHP Warning (2): error_log(/opt/lampp/htdocs/glpi/files/_log/access-errors.log): Failed to open stream: Permission non accordée in /opt/lampp/htdocs/glpi/src/Toolbox.php at line 623
  Backtrace :
  src/Toolbox.php:623                                error_log()
  src/Session.php:1679                               Toolbox::logInFile()
  inc/includes.php:168                               Session::checkCSRF()
  front/login.php:48                                 include()
  
[2025-03-14 11:27:07] glpiphplog.WARNING:   *** PHP Warning (2): error_log(/opt/lampp/htdocs/glpi/files/_log/access-errors.log): Failed to open stream: Permission non accordée in /opt/lampp/htdocs/glpi/src/Toolbox.php at line 623
  Backtrace :
  src/Toolbox.php:623                                error_log()
  src/Session.php:1679                               Toolbox::logInFile()
  inc/includes.php:168                               Session::checkCSRF()
  front/login.php:48                                 include()
  
[2025-03-14 11:32:19] glpiphplog.WARNING:   *** PHP Warning (2): error_log(/opt/lampp/htdocs/glpi/files/_log/access-errors.log): Failed to open stream: Permission non accordée in /opt/lampp/htdocs/glpi/src/Toolbox.php at line 623
  Backtrace :
  src/Toolbox.php:623                                error_log()
  src/Session.php:1679                               Toolbox::logInFile()
  inc/includes.php:168                               Session::checkCSRF()
  front/login.php:48                                 include()
  
[2025-03-14 11:34:01] glpiphplog.WARNING:   *** PHP Warning (2): error_log(/opt/lampp/htdocs/glpi/files/_log/access-errors.log): Failed to open stream: Permission non accordée in /opt/lampp/htdocs/glpi/src/Toolbox.php at line 623
  Backtrace :
  src/Toolbox.php:623                                error_log()
  src/Session.php:1679                               Toolbox::logInFile()
  inc/includes.php:168                               Session::checkCSRF()
  front/login.php:48                                 include()
  
[2025-03-14 11:38:33] glpiphplog.WARNING:   *** PHP Warning (2): error_log(/opt/lampp/htdocs/glpi/files/_log/access-errors.log): Failed to open stream: Permission non accordée in /opt/lampp/htdocs/glpi/src/Toolbox.php at line 623
  Backtrace :
  src/Toolbox.php:623                                error_log()
  src/Session.php:1679                               Toolbox::logInFile()
  inc/includes.php:168                               Session::checkCSRF()
  front/login.php:48                                 include()
  
[2025-03-14 11:43:22] glpiphplog.WARNING:   *** PHP Warning (2): error_log(/opt/lampp/htdocs/glpi/files/_log/access-errors.log): Failed to open stream: Permission non accordée in /opt/lampp/htdocs/glpi/src/Toolbox.php at line 623
  Backtrace :
  src/Toolbox.php:623                                error_log()
  src/Session.php:1679                               Toolbox::logInFile()
  inc/includes.php:168                               Session::checkCSRF()
  front/login.php:48                                 include()
  
[2025-03-14 11:50:32] glpiphplog.WARNING:   *** PHP Warning (2): error_log(/opt/lampp/htdocs/glpi/files/_log/access-errors.log): Failed to open stream: Permission non accordée in /opt/lampp/htdocs/glpi/src/Toolbox.php at line 623
  Backtrace :
  src/Toolbox.php:623                                error_log()
  src/Session.php:1679                               Toolbox::logInFile()
  inc/includes.php:168                               Session::checkCSRF()
  front/login.php:48                                 include()
  
[2025-03-14 11:50:57] glpiphplog.WARNING:   *** PHP Warning (2): error_log(/opt/lampp/htdocs/glpi/files/_log/access-errors.log): Failed to open stream: Permission non accordée in /opt/lampp/htdocs/glpi/src/Toolbox.php at line 623
  Backtrace :
  src/Toolbox.php:623                                error_log()
  src/Session.php:1679                               Toolbox::logInFile()
  inc/includes.php:168                               Session::checkCSRF()
  front/login.php:48                                 include()
  
[2025-03-21 09:58:30] glpiphplog.WARNING:   *** PHP Warning (2): Undefined array key "passwd" in /opt/lampp/htdocs/glpi/src/MailCollector.php at line 1419
  Backtrace :
  src/MailCollector.php:394                          MailCollector->connect()
  ajax/mailcollector.php:84                          MailCollector->displayFoldersList()
  
[2025-03-21 09:59:00] glpiphplog.CRITICAL:   *** Uncaught Exception Laminas\Mail\Protocol\Exception\RuntimeException: cannot connect to host; error = stream_socket_client(): Unable to connect to tcp://imap.gmail.com:143 (Connexion terminée par expiration du délai d'attente) (errno = 0 ) in /opt/lampp/htdocs/glpi/vendor/laminas/laminas-mail/src/Protocol/ProtocolTrait.php at line 100
  Backtrace :
  ...r/laminas/laminas-mail/src/Protocol/Imap.php:85 Laminas\Mail\Protocol\Imap->setupSocket()
  ...r/laminas/laminas-mail/src/Storage/Imap.php:223 Laminas\Mail\Protocol\Imap->connect()
  src/Toolbox.php:2269                               Laminas\Mail\Storage\Imap->__construct()
  src/MailCollector.php:1440                         Toolbox::getMailServerStorageInstance()
  src/MailCollector.php:394                          MailCollector->connect()
  ajax/mailcollector.php:84                          MailCollector->displayFoldersList()
  
[2025-03-21 09:59:00] glpiphplog.WARNING:   *** PHP Warning (2): Undefined array key "passwd" in /opt/lampp/htdocs/glpi/src/MailCollector.php at line 1419
  Backtrace :
  src/MailCollector.php:394                          MailCollector->connect()
  ajax/mailcollector.php:84                          MailCollector->displayFoldersList()
  
[2025-03-21 09:59:31] glpiphplog.CRITICAL:   *** Uncaught Exception Laminas\Mail\Protocol\Exception\RuntimeException: cannot connect to host; error = stream_socket_client(): Unable to connect to tcp://imap.gmail.com:143 (Connexion terminée par expiration du délai d'attente) (errno = 0 ) in /opt/lampp/htdocs/glpi/vendor/laminas/laminas-mail/src/Protocol/ProtocolTrait.php at line 100
  Backtrace :
  ...r/laminas/laminas-mail/src/Protocol/Imap.php:85 Laminas\Mail\Protocol\Imap->setupSocket()
  ...r/laminas/laminas-mail/src/Storage/Imap.php:223 Laminas\Mail\Protocol\Imap->connect()
  src/Toolbox.php:2269                               Laminas\Mail\Storage\Imap->__construct()
  src/MailCollector.php:1440                         Toolbox::getMailServerStorageInstance()
  src/MailCollector.php:394                          MailCollector->connect()
  ajax/mailcollector.php:84                          MailCollector->displayFoldersList()
  
[2025-03-21 09:59:31] glpiphplog.WARNING:   *** PHP Warning (2): Undefined array key "passwd" in /opt/lampp/htdocs/glpi/src/MailCollector.php at line 1419
  Backtrace :
  src/MailCollector.php:394                          MailCollector->connect()
  ajax/mailcollector.php:84                          MailCollector->displayFoldersList()
  
[2025-03-21 10:00:01] glpiphplog.CRITICAL:   *** Uncaught Exception Laminas\Mail\Protocol\Exception\RuntimeException: cannot connect to host; error = stream_socket_client(): Unable to connect to tcp://imap.gmail.com:143 (Connexion terminée par expiration du délai d'attente) (errno = 0 ) in /opt/lampp/htdocs/glpi/vendor/laminas/laminas-mail/src/Protocol/ProtocolTrait.php at line 100
  Backtrace :
  ...r/laminas/laminas-mail/src/Protocol/Imap.php:85 Laminas\Mail\Protocol\Imap->setupSocket()
  ...r/laminas/laminas-mail/src/Storage/Imap.php:223 Laminas\Mail\Protocol\Imap->connect()
  src/Toolbox.php:2269                               Laminas\Mail\Storage\Imap->__construct()
  src/MailCollector.php:1440                         Toolbox::getMailServerStorageInstance()
  src/MailCollector.php:394                          MailCollector->connect()
  ajax/mailcollector.php:84                          MailCollector->displayFoldersList()
  
[2025-03-21 10:00:01] glpiphplog.WARNING:   *** PHP Warning (2): Undefined array key "passwd" in /opt/lampp/htdocs/glpi/src/MailCollector.php at line 1419
  Backtrace :
  src/MailCollector.php:394                          MailCollector->connect()
  ajax/mailcollector.php:84                          MailCollector->displayFoldersList()
  
[2025-03-21 10:00:31] glpiphplog.CRITICAL:   *** Uncaught Exception Laminas\Mail\Protocol\Exception\RuntimeException: cannot connect to host; error = stream_socket_client(): Unable to connect to tcp://imap.gmail.com:143 (Connexion terminée par expiration du délai d'attente) (errno = 0 ) in /opt/lampp/htdocs/glpi/vendor/laminas/laminas-mail/src/Protocol/ProtocolTrait.php at line 100
  Backtrace :
  ...r/laminas/laminas-mail/src/Protocol/Imap.php:85 Laminas\Mail\Protocol\Imap->setupSocket()
  ...r/laminas/laminas-mail/src/Storage/Imap.php:223 Laminas\Mail\Protocol\Imap->connect()
  src/Toolbox.php:2269                               Laminas\Mail\Storage\Imap->__construct()
  src/MailCollector.php:1440                         Toolbox::getMailServerStorageInstance()
  src/MailCollector.php:394                          MailCollector->connect()
  ajax/mailcollector.php:84                          MailCollector->displayFoldersList()
  
[2025-03-21 10:00:31] glpiphplog.WARNING:   *** PHP Warning (2): Undefined array key "passwd" in /opt/lampp/htdocs/glpi/src/MailCollector.php at line 1419
  Backtrace :
  src/MailCollector.php:394                          MailCollector->connect()
  ajax/mailcollector.php:84                          MailCollector->displayFoldersList()
  
[2025-03-21 10:01:01] glpiphplog.CRITICAL:   *** Uncaught Exception Laminas\Mail\Protocol\Exception\RuntimeException: cannot connect to host; error = stream_socket_client(): Unable to connect to tcp://imap.gmail.com:143 (Connexion terminée par expiration du délai d'attente) (errno = 0 ) in /opt/lampp/htdocs/glpi/vendor/laminas/laminas-mail/src/Protocol/ProtocolTrait.php at line 100
  Backtrace :
  ...r/laminas/laminas-mail/src/Protocol/Imap.php:85 Laminas\Mail\Protocol\Imap->setupSocket()
  ...r/laminas/laminas-mail/src/Storage/Imap.php:223 Laminas\Mail\Protocol\Imap->connect()
  src/Toolbox.php:2269                               Laminas\Mail\Storage\Imap->__construct()
  src/MailCollector.php:1440                         Toolbox::getMailServerStorageInstance()
  src/MailCollector.php:394                          MailCollector->connect()
  ajax/mailcollector.php:84                          MailCollector->displayFoldersList()
  
[2025-03-21 10:01:01] glpiphplog.WARNING:   *** PHP Warning (2): Undefined array key "passwd" in /opt/lampp/htdocs/glpi/src/MailCollector.php at line 1419
  Backtrace :
  src/MailCollector.php:394                          MailCollector->connect()
  ajax/mailcollector.php:84                          MailCollector->displayFoldersList()
  
[2025-03-21 10:01:31] glpiphplog.CRITICAL:   *** Uncaught Exception Laminas\Mail\Protocol\Exception\RuntimeException: cannot connect to host; error = stream_socket_client(): Unable to connect to tcp://imap.gmail.com:143 (Connexion terminée par expiration du délai d'attente) (errno = 0 ) in /opt/lampp/htdocs/glpi/vendor/laminas/laminas-mail/src/Protocol/ProtocolTrait.php at line 100
  Backtrace :
  ...r/laminas/laminas-mail/src/Protocol/Imap.php:85 Laminas\Mail\Protocol\Imap->setupSocket()
  ...r/laminas/laminas-mail/src/Storage/Imap.php:223 Laminas\Mail\Protocol\Imap->connect()
  src/Toolbox.php:2269                               Laminas\Mail\Storage\Imap->__construct()
  src/MailCollector.php:1440                         Toolbox::getMailServerStorageInstance()
  src/MailCollector.php:394                          MailCollector->connect()
  ajax/mailcollector.php:84                          MailCollector->displayFoldersList()
  
[2025-03-21 11:33:50] glpiphplog.CRITICAL:   *** Uncaught Exception Laminas\Mail\Protocol\Exception\RuntimeException: cannot connect to host; error = stream_socket_client(): Unable to connect to tcp://imap.gmail.com:993 (php_network_getaddresses: getaddrinfo for imap.gmail.com failed: Nom ou service inconnu) (errno = 0 ) in /opt/lampp/htdocs/glpi/vendor/laminas/laminas-mail/src/Protocol/ProtocolTrait.php at line 100
  Backtrace :
  ...r/laminas/laminas-mail/src/Protocol/Imap.php:85 Laminas\Mail\Protocol\Imap->setupSocket()
  ...r/laminas/laminas-mail/src/Storage/Imap.php:223 Laminas\Mail\Protocol\Imap->connect()
  src/Toolbox.php:2269                               Laminas\Mail\Storage\Imap->__construct()
  src/MailCollector.php:1440                         Toolbox::getMailServerStorageInstance()
  src/MailCollector.php:714                          MailCollector->connect()
  src/MailCollector.php:1929                         MailCollector->collect()
  src/CronTask.php:1027                              MailCollector::cronMailgate()
  front/cron.php:67                                  CronTask::launch()
  
[2025-03-21 15:49:15] glpiphplog.CRITICAL:   *** Uncaught Exception Laminas\Mail\Storage\Exception\RuntimeException: cannot login, user or password wrong in /opt/lampp/htdocs/glpi/vendor/laminas/laminas-mail/src/Storage/Imap.php at line 225
  Backtrace :
  src/Toolbox.php:2269                               Laminas\Mail\Storage\Imap->__construct()
  src/MailCollector.php:1440                         Toolbox::getMailServerStorageInstance()
  src/MailCollector.php:714                          MailCollector->connect()
  front/mailcollector.form.php:106                   MailCollector->collect()
  
[2025-03-21 16:58:39] glpiphplog.CRITICAL:   *** Uncaught Exception Laminas\Mail\Storage\Exception\RuntimeException: cannot login, user or password wrong in /opt/lampp/htdocs/glpi/vendor/laminas/laminas-mail/src/Storage/Imap.php at line 225
  Backtrace :
  src/Toolbox.php:2269                               Laminas\Mail\Storage\Imap->__construct()
  src/MailCollector.php:1440                         Toolbox::getMailServerStorageInstance()
  src/MailCollector.php:714                          MailCollector->connect()
  front/mailcollector.form.php:106                   MailCollector->collect()
  
[2025-03-24 11:36:32] glpiphplog.CRITICAL:   *** Uncaught Exception Laminas\Mail\Storage\Exception\RuntimeException: cannot login, user or password wrong in /opt/lampp/htdocs/glpi/vendor/laminas/laminas-mail/src/Storage/Imap.php at line 225
  Backtrace :
  src/Toolbox.php:2269                               Laminas\Mail\Storage\Imap->__construct()
  src/MailCollector.php:1440                         Toolbox::getMailServerStorageInstance()
  src/MailCollector.php:714                          MailCollector->connect()
  src/MailCollector.php:1929                         MailCollector->collect()
  src/CronTask.php:1027                              MailCollector::cronMailgate()
  front/cron.php:67                                  CronTask::launch()
  
[2025-03-24 15:02:04] glpiphplog.CRITICAL:   *** Uncaught Exception Laminas\Mail\Storage\Exception\RuntimeException: cannot login, user or password wrong in /opt/lampp/htdocs/glpi/vendor/laminas/laminas-mail/src/Storage/Imap.php at line 225
  Backtrace :
  src/Toolbox.php:2269                               Laminas\Mail\Storage\Imap->__construct()
  src/MailCollector.php:1440                         Toolbox::getMailServerStorageInstance()
  src/MailCollector.php:714                          MailCollector->connect()
  src/MailCollector.php:1929                         MailCollector->collect()
  src/CronTask.php:1027                              MailCollector::cronMailgate()
  front/cron.php:67                                  CronTask::launch()
  
[2025-03-24 16:24:14] glpiphplog.CRITICAL:   *** Uncaught Exception Laminas\Mail\Protocol\Exception\RuntimeException: cannot read - connection closed? in /opt/lampp/htdocs/glpi/vendor/laminas/laminas-mail/src/Protocol/Imap.php at line 110
  Backtrace :
  .../laminas/laminas-mail/src/Protocol/Imap.php:137 Laminas\Mail\Protocol\Imap->nextLine()
  .../laminas/laminas-mail/src/Protocol/Imap.php:256 Laminas\Mail\Protocol\Imap->nextTaggedLine()
  .../laminas/laminas-mail/src/Protocol/Imap.php:546 Laminas\Mail\Protocol\Imap->readLine()
  ...r/laminas/laminas-mail/src/Storage/Imap.php:113 Laminas\Mail\Protocol\Imap->fetch()
  ...aminas-mail/src/Storage/AbstractStorage.php:270 Laminas\Mail\Storage\Imap->getMessage()
  src/MailCollector.php:622                          Laminas\Mail\Storage\AbstractStorage->current()
  src/NotImportedEmail.php:127                       MailCollector->deleteOrImportSeveralEmails()
  src/MassiveAction.php:1425                         NotImportedEmail::processMassiveActionsForOneItemtype()
  src/MassiveAction.php:1403                         MassiveAction->processForSeveralItemtypes()
  front/massiveaction.php:62                         MassiveAction->process()
  
[2025-03-24 16:37:23] glpiphplog.CRITICAL:   *** Uncaught Exception Laminas\Mail\Storage\Exception\RuntimeException: cannot login, user or password wrong in /opt/lampp/htdocs/glpi/vendor/laminas/laminas-mail/src/Storage/Imap.php at line 225
  Backtrace :
  src/Toolbox.php:2269                               Laminas\Mail\Storage\Imap->__construct()
  src/MailCollector.php:1440                         Toolbox::getMailServerStorageInstance()
  src/MailCollector.php:714                          MailCollector->connect()
  src/MailCollector.php:1929                         MailCollector->collect()
  src/CronTask.php:1027                              MailCollector::cronMailgate()
  front/cron.php:67                                  CronTask::launch()
  
[2025-03-26 09:11:46] glpiphplog.CRITICAL:   *** Uncaught Exception Laminas\Mail\Protocol\Exception\RuntimeException: cannot read - connection closed? in /opt/lampp/htdocs/glpi/vendor/laminas/laminas-mail/src/Protocol/Imap.php at line 110
  Backtrace :
  .../laminas/laminas-mail/src/Protocol/Imap.php:125 Laminas\Mail\Protocol\Imap->nextLine()
  ...r/laminas/laminas-mail/src/Protocol/Imap.php:87 Laminas\Mail\Protocol\Imap->assumedNextLine()
  ...r/laminas/laminas-mail/src/Storage/Imap.php:223 Laminas\Mail\Protocol\Imap->connect()
  src/Toolbox.php:2269                               Laminas\Mail\Storage\Imap->__construct()
  src/MailCollector.php:1440                         Toolbox::getMailServerStorageInstance()
  src/MailCollector.php:714                          MailCollector->connect()
  src/MailCollector.php:1929                         MailCollector->collect()
  src/CronTask.php:1027                              MailCollector::cronMailgate()
  front/cron.php:67                                  CronTask::launch()
  
[2025-03-26 09:11:48] glpiphplog.CRITICAL:   *** Uncaught Exception Laminas\Mail\Storage\Exception\RuntimeException: cannot login, user or password wrong in /opt/lampp/htdocs/glpi/vendor/laminas/laminas-mail/src/Storage/Imap.php at line 225
  Backtrace :
  src/Toolbox.php:2269                               Laminas\Mail\Storage\Imap->__construct()
  src/MailCollector.php:1440                         Toolbox::getMailServerStorageInstance()
  src/MailCollector.php:714                          MailCollector->connect()
  src/MailCollector.php:1929                         MailCollector->collect()
  src/CronTask.php:1027                              MailCollector::cronMailgate()
  front/cron.php:67                                  CronTask::launch()
  
[2025-03-26 12:09:36] glpiphplog.CRITICAL:   *** Uncaught Exception Laminas\Mail\Storage\Exception\RuntimeException: cannot login, user or password wrong in /opt/lampp/htdocs/glpi/vendor/laminas/laminas-mail/src/Storage/Imap.php at line 225
  Backtrace :
  src/Toolbox.php:2269                               Laminas\Mail\Storage\Imap->__construct()
  src/MailCollector.php:1440                         Toolbox::getMailServerStorageInstance()
  src/MailCollector.php:714                          MailCollector->connect()
  src/MailCollector.php:1929                         MailCollector->collect()
  src/CronTask.php:1027                              MailCollector::cronMailgate()
  front/cron.php:67                                  CronTask::launch()
  
[2025-03-26 12:31:20] glpiphplog.CRITICAL:   *** Uncaught Exception Laminas\Mail\Protocol\Exception\RuntimeException: cannot read - connection closed? in /opt/lampp/htdocs/glpi/vendor/laminas/laminas-mail/src/Protocol/Imap.php at line 110
  Backtrace :
  .../laminas/laminas-mail/src/Protocol/Imap.php:125 Laminas\Mail\Protocol\Imap->nextLine()
  ...r/laminas/laminas-mail/src/Protocol/Imap.php:87 Laminas\Mail\Protocol\Imap->assumedNextLine()
  ...r/laminas/laminas-mail/src/Storage/Imap.php:223 Laminas\Mail\Protocol\Imap->connect()
  src/Toolbox.php:2269                               Laminas\Mail\Storage\Imap->__construct()
  src/MailCollector.php:1440                         Toolbox::getMailServerStorageInstance()
  src/MailCollector.php:714                          MailCollector->connect()
  src/MailCollector.php:1929                         MailCollector->collect()
  src/CronTask.php:1027                              MailCollector::cronMailgate()
  front/cron.php:67                                  CronTask::launch()
  
[2025-03-26 13:59:05] glpiphplog.CRITICAL:   *** Uncaught Exception Laminas\Mail\Storage\Exception\RuntimeException: cannot login, user or password wrong in /opt/lampp/htdocs/glpi/vendor/laminas/laminas-mail/src/Storage/Imap.php at line 225
  Backtrace :
  src/Toolbox.php:2269                               Laminas\Mail\Storage\Imap->__construct()
  src/MailCollector.php:1440                         Toolbox::getMailServerStorageInstance()
  src/MailCollector.php:714                          MailCollector->connect()
  src/MailCollector.php:1929                         MailCollector->collect()
  src/CronTask.php:1027                              MailCollector::cronMailgate()
  front/cron.php:67                                  CronTask::launch()
  
[2025-03-26 14:20:00] glpiphplog.WARNING: Test logger  
[2025-03-26 14:34:31] glpiphplog.CRITICAL:   *** Uncaught Exception Error: Call to a member function getTable() on bool in /opt/lampp/htdocs/glpi/src/Search.php at line 8486
  Backtrace :
  src/Search.php:8123                                Search::getOptions()
  src/Search.php:2808                                Search::getCleanedOptions()
  ajax/search.php:97                                 Search::displayCriteria()
  
[2025-03-26 15:56:08] glpiphplog.CRITICAL:   *** Uncaught Exception Laminas\Mail\Protocol\Exception\RuntimeException: cannot read - connection closed? in /opt/lampp/htdocs/glpi/vendor/laminas/laminas-mail/src/Protocol/Imap.php at line 110
  Backtrace :
  .../laminas/laminas-mail/src/Protocol/Imap.php:125 Laminas\Mail\Protocol\Imap->nextLine()
  ...r/laminas/laminas-mail/src/Protocol/Imap.php:87 Laminas\Mail\Protocol\Imap->assumedNextLine()
  ...r/laminas/laminas-mail/src/Storage/Imap.php:223 Laminas\Mail\Protocol\Imap->connect()
  src/Toolbox.php:2269                               Laminas\Mail\Storage\Imap->__construct()
  src/MailCollector.php:1440                         Toolbox::getMailServerStorageInstance()
  src/MailCollector.php:714                          MailCollector->connect()
  src/MailCollector.php:1929                         MailCollector->collect()
  src/CronTask.php:1027                              MailCollector::cronMailgate()
  front/cron.php:67                                  CronTask::launch()
  
[2025-03-26 15:56:09] glpiphplog.CRITICAL:   *** Uncaught Exception Laminas\Mail\Storage\Exception\RuntimeException: cannot login, user or password wrong in /opt/lampp/htdocs/glpi/vendor/laminas/laminas-mail/src/Storage/Imap.php at line 225
  Backtrace :
  src/Toolbox.php:2269                               Laminas\Mail\Storage\Imap->__construct()
  src/MailCollector.php:1440                         Toolbox::getMailServerStorageInstance()
  src/MailCollector.php:714                          MailCollector->connect()
  src/MailCollector.php:1929                         MailCollector->collect()
  src/CronTask.php:1027                              MailCollector::cronMailgate()
  front/cron.php:67                                  CronTask::launch()
  
[2025-03-26 17:52:55] glpiphplog.CRITICAL:   *** Uncaught Exception Laminas\Mail\Storage\Exception\RuntimeException: cannot login, user or password wrong in /opt/lampp/htdocs/glpi/vendor/laminas/laminas-mail/src/Storage/Imap.php at line 225
  Backtrace :
  src/Toolbox.php:2269                               Laminas\Mail\Storage\Imap->__construct()
  src/MailCollector.php:1440                         Toolbox::getMailServerStorageInstance()
  src/MailCollector.php:714                          MailCollector->connect()
  src/MailCollector.php:1929                         MailCollector->collect()
  src/CronTask.php:1027                              MailCollector::cronMailgate()
  front/cron.php:67                                  CronTask::launch()
  
[2025-03-26 19:20:01] glpiphplog.WARNING:   *** PHP Warning (2): mysqli::real_connect(): (HY000/2002): No such file or directory in /opt/lampp/htdocs/glpi/src/DBmysql.php at line 250
  Backtrace :
  src/DBmysql.php:250                                mysqli->real_connect()
  src/DBmysql.php:209                                DBmysql->connect()
  src/DBConnection.php:416                           DBmysql->__construct()
  src/DBConnection.php:510                           DBConnection::switchToMaster()
  inc/config.php:129                                 DBConnection::establishDBConnection()
  inc/includes.php:58                                include_once()
  front/cron.php:44                                  include()
  
[2025-03-27 09:20:01] glpiphplog.WARNING:   *** PHP Warning (2): mysqli::real_connect(): (HY000/2002): Connection refused in /opt/lampp/htdocs/glpi/src/DBmysql.php at line 250
  Backtrace :
  src/DBmysql.php:250                                mysqli->real_connect()
  src/DBmysql.php:209                                DBmysql->connect()
  src/DBConnection.php:416                           DBmysql->__construct()
  src/DBConnection.php:510                           DBConnection::switchToMaster()
  inc/config.php:129                                 DBConnection::establishDBConnection()
  inc/includes.php:58                                include_once()
  front/cron.php:44                                  include()
  
